<?xml version="1.0" encoding="UTF-8"?>
<robot generator="Robot 7.4.2 (Python 3.14.7 on win32)" generated="2026-09-01T17:26:21.250841" rpa="false" schemaversion="5">
<suite id="s1" name="Software testing" source="C:\Users\jogis\Documents\GitHub\Software testing">
<suite id="s1-s1" name="Robot Framework" source="C:\Users\jogis\Documents\GitHub\Software testing\Robot Framework">
<suite id="s1-s1-s1" name="Demo" source="C:\Users\jogis\Documents\GitHub\Software testing\Robot Framework\demo.robot">
<test id="s1-s1-s1-t1" name="Test1" line="2">
<kw name="Log" owner="BuiltIn">
<msg time="2026-09-01T17:26:21.525646" level="INFO">Hello</msg>
<arg>Hello</arg>
<doc>Logs the given message with the given level.</doc>
<status status="PASS" start="2026-09-01T17:26:21.525056" elapsed="0.001013"/>
</kw>
<status status="PASS" start="2026-09-01T17:26:21.442505" elapsed="0.083877"/>
</test>
<status status="PASS" start="2026-09-01T17:26:21.362773" elapsed="0.217076"/>
</suite>
<status status="PASS" start="2026-09-01T17:26:21.305067" elapsed="0.285608"/>
</suite>
<status status="PASS" start="2026-09-01T17:26:21.258625" elapsed="0.336496"/>
</suite>
<statistics>
<total>
<stat pass="1" fail="0" skip="0">All Tests</stat>
</total>
<tag>
</tag>
<suite>
<stat name="Software testing" id="s1" pass="1" fail="0" skip="0">Software testing</stat>
<stat name="Robot Framework" id="s1-s1" pass="1" fail="0" skip="0">Software testing.Robot Framework</stat>
<stat name="Demo" id="s1-s1-s1" pass="1" fail="0" skip="0">Software testing.Robot Framework.Demo</stat>
</suite>
</statistics>
<errors>
</errors>
</robot>
