<?xml version="1.0" encoding="UTF-8"?>
<robot generator="Robot 7.4.2 (Python 3.14.7 on win32)" generated="2026-09-10T18:47:50.602032" rpa="false" schemaversion="5">
<suite id="s1" name="Software testing" source="c:\Users\jogis\Documents\GitHub\Software testing">
<suite id="s1-s1" name="Robot Framework" source="c:\Users\jogis\Documents\GitHub\Software testing\Robot Framework">
<suite id="s1-s1-s1" name="SeleniumLibraryTest" source="c:\Users\jogis\Documents\GitHub\Software testing\Robot Framework\SeleniumLibraryTest">
<suite id="s1-s1-s1-s1" name="Selenium" source="c:\Users\jogis\Documents\GitHub\Software testing\Robot Framework\SeleniumLibraryTest\selenium.robot">
<test id="s1-s1-s1-s1-t1" name="Web app register" line="9">
<kw name="Open Browser" owner="SeleniumLibrary">
<msg time="2026-09-10T18:47:50.755240" level="INFO">Opening browser 'firefox' to base url 'https://www.jimms.fi'.</msg>
<arg>https://www.jimms.fi</arg>
<arg>firefox</arg>
<arg>options-add_argument{"--log-level-3"}</arg>
<doc>Opens a new browser instance to the optional ``url``.</doc>
<status status="PASS" start="2026-09-10T18:47:50.754988" elapsed="5.431806"/>
</kw>
<kw name="Maximize Browser Window" owner="SeleniumLibrary">
<doc>Maximizes current browser window.</doc>
<status status="PASS" start="2026-09-10T18:47:56.187365" elapsed="0.266565"/>
</kw>
<kw name="Click Element" owner="SeleniumLibrary">
<msg time="2026-09-10T18:47:56.454700" level="INFO">Clicking element 'xpath:/html/body/header/div/div[3]/jim-customer-dropdown-nav/div/div/a/span'.</msg>
<arg>xpath:/html/body/header/div/div[3]/jim-customer-dropdown-nav/div/div/a/span</arg>
<doc>Click the element identified by ``locator``.</doc>
<status status="PASS" start="2026-09-10T18:47:56.454270" elapsed="0.351406"/>
</kw>
<kw name="Sleep" owner="BuiltIn">
<msg time="2026-09-10T18:47:57.806656" level="INFO">Slept 1 second.</msg>
<arg>1</arg>
<doc>Pauses the test executed for the given time.</doc>
<status status="PASS" start="2026-09-10T18:47:56.806084" elapsed="1.000790"/>
</kw>
<kw name="Select Radio Button" owner="SeleniumLibrary">
<msg time="2026-09-10T18:47:57.807382" level="INFO">Selecting 'private-tab-input' from radio button 'selectedTab'.</msg>
<arg>selectedTab</arg>
<arg>private-tab-input</arg>
<doc>Sets the radio button group ``group_name`` to ``value``.</doc>
<status status="PASS" start="2026-09-10T18:47:57.807181" elapsed="0.068382"/>
</kw>
<kw name="Click Element" owner="SeleniumLibrary">
<msg time="2026-09-10T18:47:57.875913" level="INFO">Clicking element 'id:pf-EmailAddress'.</msg>
<arg>id:pf-EmailAddress</arg>
<doc>Click the element identified by ``locator``.</doc>
<status status="PASS" start="2026-09-10T18:47:57.875724" elapsed="0.060222"/>
</kw>
<kw name="Input Text" owner="SeleniumLibrary">
<msg time="2026-09-10T18:47:57.936266" level="INFO">Typing text 'd.d@dd.com' into text field 'id:pf-EmailAddress'.</msg>
<arg>id:pf-EmailAddress</arg>
<arg>d.d@dd.com</arg>
<doc>Types the given ``text`` into the text field identified by ``locator``.</doc>
<status status="PASS" start="2026-09-10T18:47:57.936100" elapsed="0.022570"/>
</kw>
<kw name="Click Element" owner="SeleniumLibrary">
<msg time="2026-09-10T18:47:57.958960" level="INFO">Clicking element 'id:pf-Password'.</msg>
<arg>id:pf-Password</arg>
<doc>Click the element identified by ``locator``.</doc>
<status status="PASS" start="2026-09-10T18:47:57.958818" elapsed="0.060808"/>
</kw>
<kw name="Input Password" owner="SeleniumLibrary">
<msg time="2026-09-10T18:47:58.020103" level="INFO">Typing password into text field 'id:pf-Password'.</msg>
<msg time="2026-09-10T18:47:58.026656" level="INFO">Temporally setting log level to: NONE</msg>
<arg>id:pf-Password</arg>
<arg>${pass}</arg>
<doc>Types the given password into the text field identified by ``locator``.</doc>
<status status="PASS" start="2026-09-10T18:47:58.019912" elapsed="0.013651"/>
</kw>
<kw name="Click Element" owner="SeleniumLibrary">
<msg time="2026-09-10T18:47:58.034434" level="INFO">Clicking element 'id:pf-ConfirmPassword'.</msg>
<arg>id:pf-ConfirmPassword</arg>
<doc>Click the element identified by ``locator``.</doc>
<status status="PASS" start="2026-09-10T18:47:58.034076" elapsed="0.061321"/>
</kw>
<kw name="Input Password" owner="SeleniumLibrary">
<msg time="2026-09-10T18:47:58.095848" level="INFO">Typing password into text field 'id:pf-ConfirmPassword'.</msg>
<msg time="2026-09-10T18:47:58.103463" level="INFO">Temporally setting log level to: NONE</msg>
<arg>id:pf-ConfirmPassword</arg>
<arg>${pass}</arg>
<doc>Types the given password into the text field identified by ``locator``.</doc>
<status status="PASS" start="2026-09-10T18:47:58.095639" elapsed="0.014372"/>
</kw>
<kw name="Click Element" owner="SeleniumLibrary">
<msg time="2026-09-10T18:47:58.110381" level="INFO">Clicking element 'id:pf-FirstName'.</msg>
<arg>id:pf-FirstName</arg>
<doc>Click the element identified by ``locator``.</doc>
<status status="PASS" start="2026-09-10T18:47:58.110165" elapsed="0.060637"/>
</kw>
<kw name="Input Text" owner="SeleniumLibrary">
<msg time="2026-09-10T18:47:58.171110" level="INFO">Typing text 'Donald' into text field 'id:pf-FirstName'.</msg>
<arg>id:pf-FirstName</arg>
<arg>Donald</arg>
<doc>Types the given ``text`` into the text field identified by ``locator``.</doc>
<status status="PASS" start="2026-09-10T18:47:58.170956" elapsed="0.016666"/>
</kw>
<kw name="Click Element" owner="SeleniumLibrary">
<msg time="2026-09-10T18:47:58.188128" level="INFO">Clicking element 'id:pf-LastName'.</msg>
<arg>id:pf-LastName</arg>
<doc>Click the element identified by ``locator``.</doc>
<status status="PASS" start="2026-09-10T18:47:58.187942" elapsed="0.061845"/>
</kw>
<kw name="Input Text" owner="SeleniumLibrary">
<msg time="2026-09-10T18:47:58.250194" level="INFO">Typing text 'Duck' into text field 'id:pf-LastName'.</msg>
<arg>id:pf-LastName</arg>
<arg>Duck</arg>
<doc>Types the given ``text`` into the text field identified by ``locator``.</doc>
<status status="PASS" start="2026-09-10T18:47:58.250021" elapsed="0.023915"/>
</kw>
<kw name="Set Screenshot Directory" owner="SeleniumLibrary">
<arg>C:\\Users\\jogis\\Documents\\GitHub\\Software testing\\Robot Framework\\SeleniumLibraryTest</arg>
<doc>Sets the directory for captured screenshots.</doc>
<status status="PASS" start="2026-09-10T18:47:58.274084" elapsed="0.000165"/>
</kw>
<kw name="Capture Page Screenshot" owner="SeleniumLibrary">
<msg time="2026-09-10T18:47:58.290543" level="INFO" html="true">&lt;/td&gt;&lt;/tr&gt;&lt;tr&gt;&lt;td colspan="3"&gt;&lt;a href="file:///C:/Users/jogis/Documents/GitHub/Software%20testing/Robot%20Framework/SeleniumLibraryTest/screen1.png"&gt;&lt;img src="file:///C:/Users/jogis/Documents/GitHub/Software%20testing/Robot%20Framework/SeleniumLibraryTest/screen1.png" width="800px"&gt;&lt;/a&gt;</msg>
<arg>screen1.png</arg>
<doc>Takes a screenshot of the current page and embeds it into a log file.</doc>
<status status="PASS" start="2026-09-10T18:47:58.274398" elapsed="0.016265"/>
</kw>
<kw name="Close Browser" owner="SeleniumLibrary">
<doc>Closes the current browser.</doc>
<status status="PASS" start="2026-09-10T18:47:58.290930" elapsed="2.462898"/>
</kw>
<status status="PASS" start="2026-09-10T18:47:50.752580" elapsed="10.001566"/>
</test>
<status status="PASS" start="2026-09-10T18:47:50.643706" elapsed="10.114650"/>
</suite>
<status status="PASS" start="2026-09-10T18:47:50.628531" elapsed="10.132004"/>
</suite>
<status status="PASS" start="2026-09-10T18:47:50.621496" elapsed="10.140863"/>
</suite>
<status status="PASS" start="2026-09-10T18:47:50.604992" elapsed="10.162500"/>
</suite>
<statistics>
<total>
<stat pass="1" fail="0" skip="0">All Tests</stat>
</total>
<tag>
</tag>
<suite>
<stat name="Software testing" id="s1" pass="1" fail="0" skip="0">Software testing</stat>
<stat name="Robot Framework" id="s1-s1" pass="1" fail="0" skip="0">Software testing.Robot Framework</stat>
<stat name="SeleniumLibraryTest" id="s1-s1-s1" pass="1" fail="0" skip="0">Software testing.Robot Framework.SeleniumLibraryTest</stat>
<stat name="Selenium" id="s1-s1-s1-s1" pass="1" fail="0" skip="0">Software testing.Robot Framework.SeleniumLibraryTest.Selenium</stat>
</suite>
</statistics>
<errors>
</errors>
</robot>
